2025-05-15 20:41:01 [INFO] [conversion.file_converter] - [conversion_process=file_converter | timestamp=2025-05-15T20:41:01.571110 | caller=file_converter] Arquivo 'cliente_-_joao_lucas_santos_silva.txt' salvo temporariamente como 'C:\Users\joaol\Desktop\conversor_planilha\A converter\temp_88bbab991d3f47cbbf3ac7a4e20fbb11.txt'
2025-05-15 20:41:01 [INFO] [conversion.file_converter] - [conversion_process=file_converter | timestamp=2025-05-15T20:41:01.572083 | caller=file_converter] Iniciando processamento do arquivo: cliente_-_joao_lucas_santos_silva.txt
2025-05-15 20:41:01 [INFO] [conversion.file_converter] - [conversion_process=file_converter | timestamp=2025-05-15T20:41:01.572295 | caller=file_converter] Arquivo TXT detectado. Usando processador específico.
2025-05-15 20:41:01 [INFO] [conversion.txt_processor] - [conversion_process=txt_processor | timestamp=2025-05-15T20:41:01.572702 | caller=txt_processor] Arquivo TXT lido com sucesso usando encoding: utf-8
2025-05-15 20:41:01 [INFO] [conversion.txt_processor] - [conversion_process=txt_processor | timestamp=2025-05-15T20:41:01.572913 | caller=txt_processor] Lendo arquivo TXT: C:\Users\joaol\Desktop\conversor_planilha\A converter\temp_88bbab991d3f47cbbf3ac7a4e20fbb11.txt (92 caracteres)
2025-05-15 20:41:01 [DEBUG] [conversion.txt_processor] - [conversion_process=txt_processor | timestamp=2025-05-15T20:41:01.573136 | caller=txt_processor] Primeiros 200 caracteres do conteúdo: cliente: João Lucas santos
dinheiro da conta: R$500000
email dele: lucas.26.11.97@gmail.com

2025-05-15 20:41:01 [INFO] [conversion.txt_processor] - [conversion_process=txt_processor | timestamp=2025-05-15T20:41:01.573231 | caller=txt_processor] Analisando nome do arquivo: temp_88bbab991d3f47cbbf3ac7a4e20fbb11.txt
2025-05-15 20:41:01 [ERROR] [conversion.txt_processor] - [conversion_process=txt_processor | timestamp=2025-05-15T20:41:01.573415 | caller=txt_processor] Erro ao processar arquivo TXT: cannot access local variable 're' where it is not associated with a value
2025-05-15 20:41:01 [ERROR] [conversion.txt_processor] - [conversion_process=txt_processor | timestamp=2025-05-15T20:41:01.574794 | caller=txt_processor] Traceback (most recent call last):
  File "C:\Users\joaol\Desktop\conversor_planilha\src\utils\txt_helper.py", line 114, in process_txt_file
    name_match = re.search(pattern, filename, re.IGNORECASE)
                 ^^
UnboundLocalError: cannot access local variable 're' where it is not associated with a value

2025-05-15 20:41:01 [ERROR] [conversion.file_converter] - [conversion_process=file_converter | timestamp=2025-05-15T20:41:01.575132 | caller=file_converter] Falha ao processar o arquivo TXT
2025-05-15 20:41:38 [INFO] [conversion.file_converter] - [conversion_process=file_converter | timestamp=2025-05-15T20:41:38.358466 | caller=file_converter] Arquivo 'leadsnovos.xlsx' salvo temporariamente como 'C:\Users\joaol\Desktop\conversor_planilha\A converter\temp_ce1db953298a49d0871ff7874ddce06b.xlsx'
2025-05-15 20:41:38 [INFO] [conversion.file_converter] - [conversion_process=file_converter | timestamp=2025-05-15T20:41:38.359344 | caller=file_converter] Iniciando processamento do arquivo: leadsnovos.xlsx
2025-05-15 20:41:38 [INFO] [conversion.file_converter] - [conversion_process=file_converter | timestamp=2025-05-15T20:41:38.359588 | caller=file_converter] Preparando snippet do arquivo para análise da IA...
2025-05-15 20:41:38 [INFO] [conversion.file_converter] - [conversion_process=file_converter | timestamp=2025-05-15T20:41:38.653594 | caller=file_converter] Snippet do arquivo (primeiras 3 linhas) preparado para IA.
2025-05-15 20:41:38 [DEBUG] [conversion.file_converter] - [conversion_process=file_converter | timestamp=2025-05-15T20:41:38.653961 | caller=file_converter] Conteúdo do snippet para IA:
Nome das pessoas;email mais atual;telefone que ele mais usa;lugar onde ele esta agora
Carlus Tintori;carlustintori@reinocapital.com.br;11 91786-7788;SP
Gabriel Tintori;gabrieltintori@reinocapital.com.br;81 9267-1614;PE
Placido Nillo;placidonilo@reinocapital.com.br;81 9841-5434;PE
...
2025-05-15 20:41:38 [INFO] [conversion.file_converter] - [conversion_process=file_converter | timestamp=2025-05-15T20:41:38.654138 | caller=file_converter] Consultando IA para mapeamento de colunas...
2025-05-15 20:41:41 [INFO] [conversion.file_converter] - [conversion_process=file_converter | timestamp=2025-05-15T20:41:41.572701 | caller=file_converter] Mapeamento de colunas recebido da IA: {'LastName': 'Nome das pessoas', 'FirstName': None, 'Company': None, 'Email': 'email mais atual', 'Phone': 'telefone que ele mais usa', 'Title': None, 'Street': None, 'City': 'lugar onde ele esta agora', 'State': None, 'PostalCode': None, 'Country': None, 'LeadSource': None, 'OwnerId': None}
2025-05-15 20:41:41 [INFO] [conversion.file_converter] - [conversion_process=file_converter | timestamp=2025-05-15T20:41:41.573022 | caller=file_converter] Lendo arquivo completo e aplicando mapeamento da IA...
2025-05-15 20:41:41 [INFO] [conversion.file_converter] - [conversion_process=file_converter | timestamp=2025-05-15T20:41:41.577725 | caller=file_converter] Arquivo completo lido. Total de linhas: 3
2025-05-15 20:41:41 [INFO] [conversion.file_converter] - [conversion_process=file_converter | timestamp=2025-05-15T20:41:41.577889 | caller=file_converter] Criando DataFrame final com base no mapeamento da IA...
2025-05-15 20:41:41 [DEBUG] [conversion.file_converter] - [conversion_process=file_converter | timestamp=2025-05-15T20:41:41.579589 | caller=file_converter] Mapeado: Salesforce 'LastName' <- Arquivo 'Nome das pessoas'
2025-05-15 20:41:41 [INFO] [conversion.file_converter] - [conversion_process=file_converter | timestamp=2025-05-15T20:41:41.579894 | caller=file_converter] Salesforce 'FirstName' não foi mapeado pela IA ou não especificado. Será criada vazia.
2025-05-15 20:41:41 [INFO] [conversion.file_converter] - [conversion_process=file_converter | timestamp=2025-05-15T20:41:41.580215 | caller=file_converter] Salesforce 'Company' não foi mapeado pela IA ou não especificado. Será criada vazia.
2025-05-15 20:41:41 [DEBUG] [conversion.file_converter] - [conversion_process=file_converter | timestamp=2025-05-15T20:41:41.580691 | caller=file_converter] Mapeado: Salesforce 'Email' <- Arquivo 'email mais atual'
2025-05-15 20:41:41 [DEBUG] [conversion.file_converter] - [conversion_process=file_converter | timestamp=2025-05-15T20:41:41.581116 | caller=file_converter] Mapeado: Salesforce 'Phone' <- Arquivo 'telefone que ele mais usa'
2025-05-15 20:41:41 [INFO] [conversion.file_converter] - [conversion_process=file_converter | timestamp=2025-05-15T20:41:41.581348 | caller=file_converter] Salesforce 'Title' não foi mapeado pela IA ou não especificado. Será criada vazia.
2025-05-15 20:41:41 [INFO] [conversion.file_converter] - [conversion_process=file_converter | timestamp=2025-05-15T20:41:41.581729 | caller=file_converter] Salesforce 'Street' não foi mapeado pela IA ou não especificado. Será criada vazia.
2025-05-15 20:41:41 [DEBUG] [conversion.file_converter] - [conversion_process=file_converter | timestamp=2025-05-15T20:41:41.582385 | caller=file_converter] Mapeado: Salesforce 'City' <- Arquivo 'lugar onde ele esta agora'
2025-05-15 20:41:41 [INFO] [conversion.file_converter] - [conversion_process=file_converter | timestamp=2025-05-15T20:41:41.582677 | caller=file_converter] Salesforce 'State' não foi mapeado pela IA ou não especificado. Será criada vazia.
2025-05-15 20:41:41 [INFO] [conversion.file_converter] - [conversion_process=file_converter | timestamp=2025-05-15T20:41:41.583089 | caller=file_converter] Salesforce 'PostalCode' não foi mapeado pela IA ou não especificado. Será criada vazia.
2025-05-15 20:41:41 [INFO] [conversion.file_converter] - [conversion_process=file_converter | timestamp=2025-05-15T20:41:41.583502 | caller=file_converter] Salesforce 'Country' não foi mapeado pela IA ou não especificado. Será criada vazia.
2025-05-15 20:41:41 [INFO] [conversion.file_converter] - [conversion_process=file_converter | timestamp=2025-05-15T20:41:41.583863 | caller=file_converter] Salesforce 'LeadSource' não foi mapeado pela IA ou não especificado. Será criada vazia.
2025-05-15 20:41:41 [INFO] [conversion.file_converter] - [conversion_process=file_converter | timestamp=2025-05-15T20:41:41.584229 | caller=file_converter] Salesforce 'OwnerId' não foi mapeado pela IA ou não especificado. Será criada vazia.
2025-05-15 20:41:41 [DEBUG] [conversion.file_converter] - [conversion_process=file_converter | timestamp=2025-05-15T20:41:41.584826 | caller=file_converter] Campo obrigatório 'Company' estava vazio ou nulo após mapeamento, garantindo strings vazias.
2025-05-15 20:41:41 [INFO] [conversion.file_converter] - [conversion_process=file_converter | timestamp=2025-05-15T20:41:41.584896 | caller=file_converter] DataFrame final mapeado criado com 3 linhas e 13 colunas.
2025-05-15 20:41:41 [DEBUG] [conversion.file_converter] - [conversion_process=file_converter | timestamp=2025-05-15T20:41:41.587631 | caller=file_converter] Primeiras linhas do DataFrame final mapeado:
          LastName FirstName Company                               Email          Phone Title Street City State PostalCode Country LeadSource OwnerId
0   Carlus Tintori                     carlustintori@reinocapital.com.br  11 91786-7788                SP                                            
1  Gabriel Tintori                    gabrieltintori@reinocapital.com.br   81 9267-1614                PE                                            
2    Placido Nillo                       placidonilo@reinocapital.com.br   81 9841-5434                PE                                            
2025-05-15 20:41:41 [INFO] [conversion.file_converter] - [conversion_process=file_converter | timestamp=2025-05-15T20:41:41.588878 | caller=file_converter] Arquivo mapeado pela IA salvo como 'C:\Users\joaol\Desktop\conversor_planilha\A converter\leads-semformatado.csv'
2025-05-15 20:41:41 [INFO] [conversion.file_converter] - [conversion_process=file_converter | timestamp=2025-05-15T20:41:41.589071 | caller=file_converter] Corrigindo o arquivo CSV para garantir campos obrigatórios...
2025-05-15 20:41:41 [INFO] [conversion.file_converter] - [conversion_process=file_converter | timestamp=2025-05-15T20:41:41.592546 | caller=file_converter] Iniciando criação de leads no Salesforce a partir de: C:\Users\joaol\Desktop\conversor_planilha\A converter\leads-semformatado.csv
2025-05-15 20:41:57 [ERROR] [conversion.file_converter] - [conversion_process=file_converter | timestamp=2025-05-15T20:41:57.776716 | caller=file_converter] Falha ao criar leads no Salesforce: [{'success': False, 'id': None, 'name': 'Carlus Tintori', 'email': 'carlustintori@reinocapital.com.br', 'errors': ['Falha ao processar lote no Salesforce']}, {'success': False, 'id': None, 'name': 'Gabriel Tintori', 'email': 'gabrieltintori@reinocapital.com.br', 'errors': ['Falha ao processar lote no Salesforce']}, {'success': False, 'id': None, 'name': 'Placido Nillo', 'email': 'placidonilo@reinocapital.com.br', 'errors': ['Falha ao processar lote no Salesforce']}]
2025-05-15 20:41:57 [INFO] [conversion.file_converter] - [conversion_process=file_converter | timestamp=2025-05-15T20:41:57.777725 | caller=file_converter] Arquivo temporário 'C:\Users\joaol\Desktop\conversor_planilha\A converter\temp_ce1db953298a49d0871ff7874ddce06b.xlsx' removido.
2025-05-15 20:43:40 [INFO] [conversion.file_converter] - [conversion_process=file_converter | timestamp=2025-05-15T20:43:40.296663 | caller=file_converter] Arquivo 'leadsnovos.xlsx' salvo temporariamente como 'C:\Users\joaol\Desktop\conversor_planilha\A converter\temp_f3e555ac318e4b85ad74b4951b99eea9.xlsx'
2025-05-15 20:43:40 [INFO] [conversion.file_converter] - [conversion_process=file_converter | timestamp=2025-05-15T20:43:40.297684 | caller=file_converter] Iniciando processamento do arquivo: leadsnovos.xlsx
2025-05-15 20:43:40 [INFO] [conversion.file_converter] - [conversion_process=file_converter | timestamp=2025-05-15T20:43:40.297949 | caller=file_converter] Preparando snippet do arquivo para análise da IA...
2025-05-15 20:43:40 [INFO] [conversion.file_converter] - [conversion_process=file_converter | timestamp=2025-05-15T20:43:40.566592 | caller=file_converter] Snippet do arquivo (primeiras 3 linhas) preparado para IA.
2025-05-15 20:43:40 [DEBUG] [conversion.file_converter] - [conversion_process=file_converter | timestamp=2025-05-15T20:43:40.566931 | caller=file_converter] Conteúdo do snippet para IA:
Nome das pessoas;email mais atual;telefone que ele mais usa;lugar onde ele esta agora
Carlus Tintori;carlustintori@reinocapital.com.br;11 91786-7788;SP
Gabriel Tintori;gabrieltintori@reinocapital.com.br;81 9267-1614;PE
Placido Nillo;placidonilo@reinocapital.com.br;81 9841-5434;PE
...
2025-05-15 20:43:40 [INFO] [conversion.file_converter] - [conversion_process=file_converter | timestamp=2025-05-15T20:43:40.567033 | caller=file_converter] Consultando IA para mapeamento de colunas...
2025-05-15 20:43:43 [INFO] [conversion.file_converter] - [conversion_process=file_converter | timestamp=2025-05-15T20:43:43.434092 | caller=file_converter] Mapeamento de colunas recebido da IA: {'LastName': 'Nome das pessoas', 'FirstName': None, 'Company': None, 'Email': 'email mais atual', 'Phone': 'telefone que ele mais usa', 'Title': None, 'Street': None, 'City': 'lugar onde ele esta agora', 'State': 'lugar onde ele esta agora', 'PostalCode': None, 'Country': None, 'LeadSource': None, 'OwnerId': None}
2025-05-15 20:43:43 [INFO] [conversion.file_converter] - [conversion_process=file_converter | timestamp=2025-05-15T20:43:43.434403 | caller=file_converter] Lendo arquivo completo e aplicando mapeamento da IA...
2025-05-15 20:43:43 [INFO] [conversion.file_converter] - [conversion_process=file_converter | timestamp=2025-05-15T20:43:43.440746 | caller=file_converter] Arquivo completo lido. Total de linhas: 3
2025-05-15 20:43:43 [INFO] [conversion.file_converter] - [conversion_process=file_converter | timestamp=2025-05-15T20:43:43.440919 | caller=file_converter] Criando DataFrame final com base no mapeamento da IA...
2025-05-15 20:43:43 [DEBUG] [conversion.file_converter] - [conversion_process=file_converter | timestamp=2025-05-15T20:43:43.442537 | caller=file_converter] Mapeado: Salesforce 'LastName' <- Arquivo 'Nome das pessoas'
2025-05-15 20:43:43 [INFO] [conversion.file_converter] - [conversion_process=file_converter | timestamp=2025-05-15T20:43:43.442832 | caller=file_converter] Salesforce 'FirstName' não foi mapeado pela IA ou não especificado. Será criada vazia.
2025-05-15 20:43:43 [INFO] [conversion.file_converter] - [conversion_process=file_converter | timestamp=2025-05-15T20:43:43.443135 | caller=file_converter] Salesforce 'Company' não foi mapeado pela IA ou não especificado. Será criada vazia.
2025-05-15 20:43:43 [DEBUG] [conversion.file_converter] - [conversion_process=file_converter | timestamp=2025-05-15T20:43:43.443577 | caller=file_converter] Mapeado: Salesforce 'Email' <- Arquivo 'email mais atual'
2025-05-15 20:43:43 [DEBUG] [conversion.file_converter] - [conversion_process=file_converter | timestamp=2025-05-15T20:43:43.443882 | caller=file_converter] Mapeado: Salesforce 'Phone' <- Arquivo 'telefone que ele mais usa'
2025-05-15 20:43:43 [INFO] [conversion.file_converter] - [conversion_process=file_converter | timestamp=2025-05-15T20:43:43.444056 | caller=file_converter] Salesforce 'Title' não foi mapeado pela IA ou não especificado. Será criada vazia.
2025-05-15 20:43:43 [INFO] [conversion.file_converter] - [conversion_process=file_converter | timestamp=2025-05-15T20:43:43.444319 | caller=file_converter] Salesforce 'Street' não foi mapeado pela IA ou não especificado. Será criada vazia.
2025-05-15 20:43:43 [DEBUG] [conversion.file_converter] - [conversion_process=file_converter | timestamp=2025-05-15T20:43:43.444699 | caller=file_converter] Mapeado: Salesforce 'City' <- Arquivo 'lugar onde ele esta agora'
2025-05-15 20:43:43 [DEBUG] [conversion.file_converter] - [conversion_process=file_converter | timestamp=2025-05-15T20:43:43.444971 | caller=file_converter] Mapeado: Salesforce 'State' <- Arquivo 'lugar onde ele esta agora'
2025-05-15 20:43:43 [INFO] [conversion.file_converter] - [conversion_process=file_converter | timestamp=2025-05-15T20:43:43.445138 | caller=file_converter] Salesforce 'PostalCode' não foi mapeado pela IA ou não especificado. Será criada vazia.
2025-05-15 20:43:43 [INFO] [conversion.file_converter] - [conversion_process=file_converter | timestamp=2025-05-15T20:43:43.445448 | caller=file_converter] Salesforce 'Country' não foi mapeado pela IA ou não especificado. Será criada vazia.
2025-05-15 20:43:43 [INFO] [conversion.file_converter] - [conversion_process=file_converter | timestamp=2025-05-15T20:43:43.445749 | caller=file_converter] Salesforce 'LeadSource' não foi mapeado pela IA ou não especificado. Será criada vazia.
2025-05-15 20:43:43 [INFO] [conversion.file_converter] - [conversion_process=file_converter | timestamp=2025-05-15T20:43:43.446033 | caller=file_converter] Salesforce 'OwnerId' não foi mapeado pela IA ou não especificado. Será criada vazia.
2025-05-15 20:43:43 [DEBUG] [conversion.file_converter] - [conversion_process=file_converter | timestamp=2025-05-15T20:43:43.446610 | caller=file_converter] Campo obrigatório 'Company' estava vazio ou nulo após mapeamento, garantindo strings vazias.
2025-05-15 20:43:43 [INFO] [conversion.file_converter] - [conversion_process=file_converter | timestamp=2025-05-15T20:43:43.446700 | caller=file_converter] DataFrame final mapeado criado com 3 linhas e 13 colunas.
2025-05-15 20:43:43 [DEBUG] [conversion.file_converter] - [conversion_process=file_converter | timestamp=2025-05-15T20:43:43.449609 | caller=file_converter] Primeiras linhas do DataFrame final mapeado:
          LastName FirstName Company                               Email          Phone Title Street City State PostalCode Country LeadSource OwnerId
0   Carlus Tintori                     carlustintori@reinocapital.com.br  11 91786-7788                SP    SP                                      
1  Gabriel Tintori                    gabrieltintori@reinocapital.com.br   81 9267-1614                PE    PE                                      
2    Placido Nillo                       placidonilo@reinocapital.com.br   81 9841-5434                PE    PE                                      
2025-05-15 20:43:43 [INFO] [conversion.file_converter] - [conversion_process=file_converter | timestamp=2025-05-15T20:43:43.450888 | caller=file_converter] Arquivo mapeado pela IA salvo como 'C:\Users\joaol\Desktop\conversor_planilha\A converter\leads-semformatado.csv'
2025-05-15 20:43:43 [INFO] [conversion.file_converter] - [conversion_process=file_converter | timestamp=2025-05-15T20:43:43.451099 | caller=file_converter] Corrigindo o arquivo CSV para garantir campos obrigatórios...
2025-05-15 20:43:43 [INFO] [conversion.file_converter] - [conversion_process=file_converter | timestamp=2025-05-15T20:43:43.453704 | caller=file_converter] Iniciando criação de leads no Salesforce a partir de: C:\Users\joaol\Desktop\conversor_planilha\A converter\leads-semformatado.csv
2025-05-15 20:44:00 [ERROR] [conversion.file_converter] - [conversion_process=file_converter | timestamp=2025-05-15T20:44:00.928784 | caller=file_converter] Falha ao criar leads no Salesforce: [{'success': False, 'id': None, 'name': 'Carlus Tintori', 'email': 'carlustintori@reinocapital.com.br', 'errors': ["DUPLICATES_DETECTED:You're creating a duplicate record. We recommend you use an existing record instead.:--"]}, {'success': False, 'id': None, 'name': 'Carlus Tintori', 'email': 'carlustintori@reinocapital.com.br', 'errors': ["DUPLICATES_DETECTED:You're creating a duplicate record. We recommend you use an existing record instead.:--"]}, {'success': False, 'id': None, 'name': 'Carlus Tintori', 'email': 'carlustintori@reinocapital.com.br', 'errors': ["DUPLICATES_DETECTED:You're creating a duplicate record. We recommend you use an existing record instead.:--"]}]
2025-05-15 20:44:00 [INFO] [conversion.file_converter] - [conversion_process=file_converter | timestamp=2025-05-15T20:44:00.930459 | caller=file_converter] Arquivo temporário 'C:\Users\joaol\Desktop\conversor_planilha\A converter\temp_f3e555ac318e4b85ad74b4951b99eea9.xlsx' removido.
2025-05-15 20:44:15 [INFO] [conversion.file_converter] - [conversion_process=file_converter | timestamp=2025-05-15T20:44:15.752008 | caller=file_converter] Arquivo 'Novos_Leads_Sales.csv' salvo temporariamente como 'C:\Users\joaol\Desktop\conversor_planilha\A converter\temp_2246e95c4ef542a6a6cd71ecb00de049.csv'
2025-05-15 20:44:15 [INFO] [conversion.file_converter] - [conversion_process=file_converter | timestamp=2025-05-15T20:44:15.752744 | caller=file_converter] Iniciando processamento do arquivo: Novos_Leads_Sales.csv
2025-05-15 20:44:15 [INFO] [conversion.file_converter] - [conversion_process=file_converter | timestamp=2025-05-15T20:44:15.752940 | caller=file_converter] Preparando snippet do arquivo para análise da IA...
2025-05-15 20:44:15 [INFO] [conversion.file_converter] - [conversion_process=file_converter | timestamp=2025-05-15T20:44:15.754925 | caller=file_converter] Snippet CSV lido com sucesso usando delimitador ',' e encoding 'utf-8'.
2025-05-15 20:44:15 [INFO] [conversion.file_converter] - [conversion_process=file_converter | timestamp=2025-05-15T20:44:15.755620 | caller=file_converter] Snippet do arquivo (primeiras 10 linhas) preparado para IA.
2025-05-15 20:44:15 [DEBUG] [conversion.file_converter] - [conversion_process=file_converter | timestamp=2025-05-15T20:44:15.755803 | caller=file_converter] Conteúdo do snippet para IA:
Last Name;Telefone Adcional;Phone;Email;Description;Patrimônio Financeiro;Tipo;State/Province;OwnerId;maisdeMilhao__c
Carlen Persch Padilha Nadolny;95981238484;95981238484.0;cp_padilha@hotmail.com;"Arrojado;Qualificado";3000000;Pessoa Física;AL;gustlima;1
Cicero Evandro Soares Silva;98988601006;98988601006.0;ciceroevandro22@yahoo.com.br;"Arrojado;Qualificado";2000000;Pessoa Física;AL;gustlima;1
Jamil Joao Samara;99999895844;99999895844.0;lucianosamara@hotmail.com;"Arrojado;Qualificado";190000...
2025-05-15 20:44:15 [INFO] [conversion.file_converter] - [conversion_process=file_converter | timestamp=2025-05-15T20:44:15.755900 | caller=file_converter] Consultando IA para mapeamento de colunas...
2025-05-15 20:44:17 [INFO] [conversion.file_converter] - [conversion_process=file_converter | timestamp=2025-05-15T20:44:17.879847 | caller=file_converter] Mapeamento de colunas recebido da IA: {'LastName': 'Last Name', 'FirstName': None, 'Company': None, 'Email': 'Email', 'Phone': 'Phone', 'Title': None, 'Street': None, 'City': None, 'State': 'State/Province', 'PostalCode': None, 'Country': None, 'LeadSource': None, 'OwnerId': 'OwnerId'}
2025-05-15 20:44:17 [INFO] [conversion.file_converter] - [conversion_process=file_converter | timestamp=2025-05-15T20:44:17.880238 | caller=file_converter] Lendo arquivo completo e aplicando mapeamento da IA...
2025-05-15 20:44:17 [INFO] [conversion.file_converter] - [conversion_process=file_converter | timestamp=2025-05-15T20:44:17.884470 | caller=file_converter] Arquivo CSV completo lido com sucesso usando delimitador ',' e encoding 'utf-8'.
2025-05-15 20:44:17 [INFO] [conversion.file_converter] - [conversion_process=file_converter | timestamp=2025-05-15T20:44:17.884705 | caller=file_converter] Arquivo completo lido. Total de linhas: 200
2025-05-15 20:44:17 [INFO] [conversion.file_converter] - [conversion_process=file_converter | timestamp=2025-05-15T20:44:17.884884 | caller=file_converter] Criando DataFrame final com base no mapeamento da IA...
2025-05-15 20:44:17 [DEBUG] [conversion.file_converter] - [conversion_process=file_converter | timestamp=2025-05-15T20:44:17.886010 | caller=file_converter] Mapeado: Salesforce 'LastName' <- Arquivo 'Last Name'
2025-05-15 20:44:17 [INFO] [conversion.file_converter] - [conversion_process=file_converter | timestamp=2025-05-15T20:44:17.886256 | caller=file_converter] Salesforce 'FirstName' não foi mapeado pela IA ou não especificado. Será criada vazia.
2025-05-15 20:44:17 [INFO] [conversion.file_converter] - [conversion_process=file_converter | timestamp=2025-05-15T20:44:17.886629 | caller=file_converter] Salesforce 'Company' não foi mapeado pela IA ou não especificado. Será criada vazia.
2025-05-15 20:44:17 [DEBUG] [conversion.file_converter] - [conversion_process=file_converter | timestamp=2025-05-15T20:44:17.887317 | caller=file_converter] Mapeado: Salesforce 'Email' <- Arquivo 'Email'
2025-05-15 20:44:17 [DEBUG] [conversion.file_converter] - [conversion_process=file_converter | timestamp=2025-05-15T20:44:17.887801 | caller=file_converter] Mapeado: Salesforce 'Phone' <- Arquivo 'Phone'
2025-05-15 20:44:17 [INFO] [conversion.file_converter] - [conversion_process=file_converter | timestamp=2025-05-15T20:44:17.888077 | caller=file_converter] Salesforce 'Title' não foi mapeado pela IA ou não especificado. Será criada vazia.
2025-05-15 20:44:17 [INFO] [conversion.file_converter] - [conversion_process=file_converter | timestamp=2025-05-15T20:44:17.888419 | caller=file_converter] Salesforce 'Street' não foi mapeado pela IA ou não especificado. Será criada vazia.
2025-05-15 20:44:17 [INFO] [conversion.file_converter] - [conversion_process=file_converter | timestamp=2025-05-15T20:44:17.888758 | caller=file_converter] Salesforce 'City' não foi mapeado pela IA ou não especificado. Será criada vazia.
2025-05-15 20:44:17 [DEBUG] [conversion.file_converter] - [conversion_process=file_converter | timestamp=2025-05-15T20:44:17.889251 | caller=file_converter] Mapeado: Salesforce 'State' <- Arquivo 'State/Province'
2025-05-15 20:44:17 [INFO] [conversion.file_converter] - [conversion_process=file_converter | timestamp=2025-05-15T20:44:17.889482 | caller=file_converter] Salesforce 'PostalCode' não foi mapeado pela IA ou não especificado. Será criada vazia.
2025-05-15 20:44:17 [INFO] [conversion.file_converter] - [conversion_process=file_converter | timestamp=2025-05-15T20:44:17.889828 | caller=file_converter] Salesforce 'Country' não foi mapeado pela IA ou não especificado. Será criada vazia.
2025-05-15 20:44:17 [INFO] [conversion.file_converter] - [conversion_process=file_converter | timestamp=2025-05-15T20:44:17.890170 | caller=file_converter] Salesforce 'LeadSource' não foi mapeado pela IA ou não especificado. Será criada vazia.
2025-05-15 20:44:17 [DEBUG] [conversion.file_converter] - [conversion_process=file_converter | timestamp=2025-05-15T20:44:17.890717 | caller=file_converter] Mapeado: Salesforce 'OwnerId' <- Arquivo 'OwnerId'
2025-05-15 20:44:17 [DEBUG] [conversion.file_converter] - [conversion_process=file_converter | timestamp=2025-05-15T20:44:17.891352 | caller=file_converter] Campo obrigatório 'Company' estava vazio ou nulo após mapeamento, garantindo strings vazias.
2025-05-15 20:44:17 [INFO] [conversion.file_converter] - [conversion_process=file_converter | timestamp=2025-05-15T20:44:17.891450 | caller=file_converter] DataFrame final mapeado criado com 200 linhas e 13 colunas.
2025-05-15 20:44:17 [DEBUG] [conversion.file_converter] - [conversion_process=file_converter | timestamp=2025-05-15T20:44:17.894072 | caller=file_converter] Primeiras linhas do DataFrame final mapeado:
                                LastName FirstName Company                         Email        Phone Title Street City State PostalCode Country LeadSource   OwnerId
0          Carlen Persch Padilha Nadolny                          cp_padilha@hotmail.com  95981238484                      AL                                gustlima
1            Cicero Evandro Soares Silva                    ciceroevandro22@yahoo.com.br  98988601006                      AL                                gustlima
2                      Jamil Joao Samara                       lucianosamara@hotmail.com  99999895844                      AL                                gustlima
3                  Marcelo Augusto Ruivo                            ma.ruivo@hotmail.com  79988046020                      AL                                gustlima
4  Marcelo Hilario Rodrigues De Oliveira                      marcelohilario63@gmail.com  82991774334                      AL                                gustlima
2025-05-15 20:44:17 [INFO] [conversion.file_converter] - [conversion_process=file_converter | timestamp=2025-05-15T20:44:17.896072 | caller=file_converter] Arquivo mapeado pela IA salvo como 'C:\Users\joaol\Desktop\conversor_planilha\A converter\leads-semformatado.csv'
2025-05-15 20:44:17 [INFO] [conversion.file_converter] - [conversion_process=file_converter | timestamp=2025-05-15T20:44:17.896329 | caller=file_converter] Corrigindo o arquivo CSV para garantir campos obrigatórios...
2025-05-15 20:44:17 [INFO] [conversion.file_converter] - [conversion_process=file_converter | timestamp=2025-05-15T20:44:17.901516 | caller=file_converter] Iniciando criação de leads no Salesforce a partir de: C:\Users\joaol\Desktop\conversor_planilha\A converter\leads-semformatado.csv
2025-05-15 20:44:34 [ERROR] [conversion.file_converter] - [conversion_process=file_converter | timestamp=2025-05-15T20:44:34.777653 | caller=file_converter] Falha ao criar leads no Salesforce: [{'success': False, 'id': None, 'name': 'Carlen Persch Padilha Nadolny', 'email': 'cp_padilha@hotmail.com', 'errors': ['Falha ao processar lote no Salesforce']}, {'success': False, 'id': None, 'name': 'Cicero Evandro Soares Silva', 'email': 'ciceroevandro22@yahoo.com.br', 'errors': ['Falha ao processar lote no Salesforce']}, {'success': False, 'id': None, 'name': 'Jamil Joao Samara', 'email': 'lucianosamara@hotmail.com', 'errors': ['Falha ao processar lote no Salesforce']}, {'success': False, 'id': None, 'name': 'Marcelo Augusto Ruivo', 'email': 'ma.ruivo@hotmail.com', 'errors': ['Falha ao processar lote no Salesforce']}, {'success': False, 'id': None, 'name': 'Marcelo Hilario Rodrigues De Oliveira', 'email': 'marcelohilario63@gmail.com', 'errors': ['Falha ao processar lote no Salesforce']}, {'success': False, 'id': None, 'name': 'Maria Da Graca Reis Lopes', 'email': 'greisonco@yahoo.com.br', 'errors': ['Falha ao processar lote no Salesforce']}, {'success': False, 'id': None, 'name': 'Giovanna Parada Martins', 'email': 'gioparada0303@gmail.com', 'errors': ['Falha ao processar lote no Salesforce']}, {'success': False, 'id': None, 'name': 'Graciliano Batista Lopes', 'email': 'gracilianolopes@yahoo.com.br', 'errors': ['Falha ao processar lote no Salesforce']}, {'success': False, 'id': None, 'name': 'Raimundo Nonato Da Silva Luz', 'email': 'rnonatoluz@hotmail.com', 'errors': ['Falha ao processar lote no Salesforce']}, {'success': False, 'id': None, 'name': 'Raphael Freitas Gomes E Silva', 'email': 'rfreitas82@yahoo.com.br', 'errors': ['Falha ao processar lote no Salesforce']}, {'success': False, 'id': None, 'name': 'Ciro Ferreira De Albuquerque', 'email': 'cirofalbuquerque@gmail.com', 'errors': ['Falha ao processar lote no Salesforce']}, {'success': False, 'id': None, 'name': 'Christiana Villas Boas Santos Barros', 'email': 'christianavb2009@gmail.com', 'errors': ['Falha ao processar lote no Salesforce']}, {'success': False, 'id': None, 'name': 'Tassya Cezar Da Sil Va Mendes', 'email': 'tassya-cezar@hotmail.com', 'errors': ['Falha ao processar lote no Salesforce']}, {'success': False, 'id': None, 'name': 'Luciano Mota Dos Santos', 'email': 'lucianomota.adv@hotmail.com', 'errors': ['Falha ao processar lote no Salesforce']}, {'success': False, 'id': None, 'name': 'Wilmar Pereira Lima', 'email': 'wipelima@gmail.com', 'errors': ['Falha ao processar lote no Salesforce']}, {'success': False, 'id': None, 'name': 'Jose Otonio De Almeida', 'email': 'odscmr@gmail.com', 'errors': ['Falha ao processar lote no Salesforce']}, {'success': False, 'id': None, 'name': 'Pedro Barbosa Neto', 'email': 'pedrobarbosa_nt@hotmail.com', 'errors': ['Falha ao processar lote no Salesforce']}, {'success': False, 'id': None, 'name': 'Wallan Rocha Mendes', 'email': 'wallanmendes@uol.com.br', 'errors': ['Falha ao processar lote no Salesforce']}, {'success': False, 'id': None, 'name': 'Fabio Jose Contino Teixeira', 'email': 'fabiozhukov@gmail.com', 'errors': ['Falha ao processar lote no Salesforce']}, {'success': False, 'id': None, 'name': 'Jorge Augusto Meneses Lima', 'email': 'jorgeamlima@gmail.com', 'errors': ['Falha ao processar lote no Salesforce']}, {'success': False, 'id': None, 'name': 'Carlos Vicente Bressan Forest', 'email': 'carlos.forest@uol.com.br', 'errors': ['Falha ao processar lote no Salesforce']}, {'success': False, 'id': None, 'name': 'Bruno Souza Maluf', 'email': 'brunomaluf7@hotmail.com', 'errors': ['Falha ao processar lote no Salesforce']}, {'success': False, 'id': None, 'name': 'Fabiula Maria Almeida De Holanda Tormena', 'email': 'dtormena58@gmail.com', 'errors': ['Falha ao processar lote no Salesforce']}, {'success': False, 'id': None, 'name': 'Raimundo Da Costa Rodrigues Junior', 'email': 'r.costajunior@hotmail.com', 'errors': ['Falha ao processar lote no Salesforce']}, {'success': False, 'id': None, 'name': 'Darlan Chaves Nunes Filho', 'email': 'darlan_slz@hotmail.com', 'errors': ['Falha ao processar lote no Salesforce']}, {'success': False, 'id': None, 'name': 'Jackelinne Sheila Freitas Bessa', 'email': 'jackelinnebessa@yahoo.com.br', 'errors': ['Falha ao processar lote no Salesforce']}, {'success': False, 'id': None, 'name': 'Maria De Jesus Lindoso Beserra', 'email': 'beserraraimundo@gmail.com', 'errors': ['Falha ao processar lote no Salesforce']}, {'success': False, 'id': None, 'name': 'Valdeci Gomes De Albuquerque Lages', 'email': 'valgomesal@gmail.com', 'errors': ['Falha ao processar lote no Salesforce']}, {'success': False, 'id': None, 'name': 'Leonardo Adonso Silva Freitas', 'email': 'leonardo.adonso@gmail.com', 'errors': ['Falha ao processar lote no Salesforce']}, {'success': False, 'id': None, 'name': 'Mateus Alencar Da Silva', 'email': 'mateusalencar.adv@hotmail.com', 'errors': ['Falha ao processar lote no Salesforce']}, {'success': False, 'id': None, 'name': 'Ana Paula Muniz Serra Buruaga', 'email': 'apaulamuniz@hotmail.com', 'errors': ['Falha ao processar lote no Salesforce']}, {'success': False, 'id': None, 'name': 'Jose Geraldo Muniz Lago Filho', 'email': 'geraldo@mesoengenharia.com.br', 'errors': ['Falha ao processar lote no Salesforce']}, {'success': False, 'id': None, 'name': 'Josileide Adelli Pereira De Lima Neves Da Silveira 034170064', 'email': 'geransn77@gmail.com', 'errors': ['Falha ao processar lote no Salesforce']}, {'success': False, 'id': None, 'name': 'Antonio Carlos Wanderley Amorim', 'email': 'acwamorim@hotmail.com', 'errors': ['Falha ao processar lote no Salesforce']}, {'success': False, 'id': None, 'name': 'Paulo Afonso Hansen', 'email': 'paulohansen_22@hotmail.com', 'errors': ['Falha ao processar lote no Salesforce']}, {'success': False, 'id': None, 'name': 'Caroline Behnck Arruda', 'email': 'carol_behnck@hotmail.com', 'errors': ['Falha ao processar lote no Salesforce']}, {'success': False, 'id': None, 'name': 'Adelaide Maria Martins Moura', 'email': 'delmartinsmoura@gmail.com', 'errors': ['Falha ao processar lote no Salesforce']}, {'success': False, 'id': None, 'name': 'Edson Cunha Do Nascimento Junior', 'email': 'edsoncunhanj@gmail.com', 'errors': ['Falha ao processar lote no Salesforce']}, {'success': False, 'id': None, 'name': 'Lauro Luiz Schmitz', 'email': 'laurols@outlook.com', 'errors': ['Falha ao processar lote no Salesforce']}, {'success': False, 'id': None, 'name': 'Julio Otavio Sousa Gomes Da Cunha', 'email': 'juliootavio@uol.com.br', 'errors': ['Falha ao processar lote no Salesforce']}, {'success': False, 'id': None, 'name': 'Julio Otavio Dias Gomes Da Cunha', 'email': 'juliocunha@uol.com.br', 'errors': ['Falha ao processar lote no Salesforce']}, {'success': False, 'id': None, 'name': 'Jose Fabio Santosleopoldino', 'email': 'jfleopo@uol.com.br', 'errors': ['Falha ao processar lote no Salesforce']}, {'success': False, 'id': None, 'name': 'Augusto Rodrigues De Souza', 'email': 'augusto-souza@hotmail.com.br', 'errors': ['Falha ao processar lote no Salesforce']}, {'success': False, 'id': None, 'name': 'Jorge Marcelo Camara Alves', 'email': 'jmarcelocamara@gmail.com', 'errors': ['Falha ao processar lote no Salesforce']}, {'success': False, 'id': None, 'name': 'Carlos Eduardo Cahete De Melo', 'email': 'carloseduardocahetedemelo@gmail.com', 'errors': ['Falha ao processar lote no Salesforce']}, {'success': False, 'id': None, 'name': 'Alexandre Jose Borges De Mendonca', 'email': 'alexandrejose.ajbm@yahoo.com.br', 'errors': ['Falha ao processar lote no Salesforce']}, {'success': False, 'id': None, 'name': 'Aniel Diego De Mesquita Aragao', 'email': 'diego.aragaonet@hotmail.com', 'errors': ['Falha ao processar lote no Salesforce']}, {'success': False, 'id': None, 'name': 'Renato Ferreira Abrantes Sarmento', 'email': 'renatoabrantes@bol.com.br', 'errors': ['Falha ao processar lote no Salesforce']}, {'success': False, 'id': None, 'name': 'Luciana Soares De Carvalho', 'email': 'lucianamedb@yahoo.com.br', 'errors': ['Falha ao processar lote no Salesforce']}, {'success': False, 'id': None, 'name': 'Mauricio Claudio Costa Vasconcelos', 'email': 'mauccv@gmail.com', 'errors': ['Falha ao processar lote no Salesforce']}, {'success': False, 'id': None, 'name': 'Fernanda Rosa Penna Pellizzetti', 'email': 'fernandapennarr@yahoo.com.br', 'errors': ['Falha ao processar lote no Salesforce']}, {'success': False, 'id': None, 'name': 'Deise Honaiser', 'email': 'deise@lavronorte.com.br', 'errors': ['Falha ao processar lote no Salesforce']}, {'success': False, 'id': None, 'name': 'Rodrigo Cardoso Mesquita', 'email': 'rcardosom@gmail.com', 'errors': ['Falha ao processar lote no Salesforce']}, {'success': False, 'id': None, 'name': 'Alessander Santos Barbosa', 'email': 'carolinecso@hotmail.com', 'errors': ['Falha ao processar lote no Salesforce']}, {'success': False, 'id': None, 'name': 'Yvan Reis Beltrao Siqueira', 'email': 'yvanbeltrao@gmail.com', 'errors': ['Falha ao processar lote no Salesforce']}, {'success': False, 'id': None, 'name': 'Odilon Rodrigues De Freitas', 'email': 'odifortal23@hotmail.com', 'errors': ['Falha ao processar lote no Salesforce']}, {'success': False, 'id': None, 'name': 'Vinicio Pinheiro De Carvalho Barros', 'email': 'viniciopinheiro@hotmail.com', 'errors': ['Falha ao processar lote no Salesforce']}, {'success': False, 'id': None, 'name': 'Klinger Vagner Teixeira Da Costa', 'email': 'klingercostamcz@gmail.com', 'errors': ['Falha ao processar lote no Salesforce']}, {'success': False, 'id': None, 'name': 'Lyvia Maria Rodrigues Gomes Nogueira', 'email': 'lyviamariag@uol.com.br', 'errors': ['Falha ao processar lote no Salesforce']}, {'success': False, 'id': None, 'name': 'Rita Fatima Moreira Reche', 'email': 'rita@transultransporte.com.br', 'errors': ['Falha ao processar lote no Salesforce']}, {'success': False, 'id': None, 'name': 'Alberto Pereira Junior', 'email': 'apj2511@gmail.com', 'errors': ['Falha ao processar lote no Salesforce']}, {'success': False, 'id': None, 'name': 'Jorge Luiz Botao Carvalho', 'email': 'jorge.botao@outlook.com', 'errors': ['Falha ao processar lote no Salesforce']}, {'success': False, 'id': None, 'name': 'Diego Leonardo Andrade De Oliveira', 'email': 'diego.leonardo.oliveira@gmail.com', 'errors': ['Falha ao processar lote no Salesforce']}, {'success': False, 'id': None, 'name': 'Rodrigo Jose Bugarin Caracas', 'email': 'rcaracas6@hotmail.com', 'errors': ['Falha ao processar lote no Salesforce']}, {'success': False, 'id': None, 'name': 'Paulo Sergio Da Silva', 'email': 'paulosergiosilva1408@gmail.com', 'errors': ['Falha ao processar lote no Salesforce']}, {'success': False, 'id': None, 'name': 'Alexandre Santana Sampaio', 'email': 'alexsampaio@vnc.adv.br', 'errors': ['Falha ao processar lote no Salesforce']}, {'success': False, 'id': None, 'name': 'Mauricio Moreira Cunha', 'email': 'mr.moreira.mail@gmail.com', 'errors': ['Falha ao processar lote no Salesforce']}, {'success': False, 'id': None, 'name': 'Soraia Hora Sabino De Oliveira', 'email': 'shs_oliveira@hotmail.com', 'errors': ['Falha ao processar lote no Salesforce']}, {'success': False, 'id': None, 'name': 'Jose Bizerra De Aguiar', 'email': 'jose.bizerra1943@gmail.com', 'errors': ['Falha ao processar lote no Salesforce']}, {'success': False, 'id': None, 'name': 'Laura Maria Borba Dassumpcao', 'email': 'laurinha2.mba@gmail.com', 'errors': ['Falha ao processar lote no Salesforce']}, {'success': False, 'id': None, 'name': 'Maria Christina Hygino Porto Ribeiro', 'email': 'christinahygino@gmail.com', 'errors': ['Falha ao processar lote no Salesforce']}, {'success': False, 'id': None, 'name': 'Bartirajost', 'email': 'bartiraj@gmail.com', 'errors': ['Falha ao processar lote no Salesforce']}, {'success': False, 'id': None, 'name': 'Barbara Bezerra Barreto', 'email': 'barbarabarreto06@gmail.com', 'errors': ['Falha ao processar lote no Salesforce']}, {'success': False, 'id': None, 'name': 'Claudivan Da Silva Costa', 'email': 'claudivancosta2@gmail.com', 'errors': ['Falha ao processar lote no Salesforce']}, {'success': False, 'id': None, 'name': 'Vicente De Araujo Nunes', 'email': 'diretoria@araujotransportes.com', 'errors': ['Falha ao processar lote no Salesforce']}, {'success': False, 'id': None, 'name': 'Afranio De Lima Soares Junior', 'email': 'afraniosoaresjr@uol.com.br', 'errors': ['Falha ao processar lote no Salesforce']}, {'success': False, 'id': None, 'name': 'Helder Passos De Moraes', 'email': 'hpmoraes@gmail.com', 'errors': ['Falha ao processar lote no Salesforce']}, {'success': False, 'id': None, 'name': 'Ana Carolina Sella', 'email': 'carolsella@gmail.com', 'errors': ['Falha ao processar lote no Salesforce']}, {'success': False, 'id': None, 'name': 'Roberto Carlos Pereira Currais', 'email': 'roberto.currais@gmail.com', 'errors': ['Falha ao processar lote no Salesforce']}, {'success': False, 'id': None, 'name': 'Samyr Lopes Arruda Carneiro', 'email': 'samyr16@hotmail.com', 'errors': ['Falha ao processar lote no Salesforce']}, {'success': False, 'id': None, 'name': 'Andrea Melo E Silva De Figueiredo', 'email': 'andreamelosf@gmail.com', 'errors': ['Falha ao processar lote no Salesforce']}, {'success': False, 'id': None, 'name': 'Djalma Ferreira Campos Filho', 'email': 'dfprojetos10@gmail.com', 'errors': ['Falha ao processar lote no Salesforce']}, {'success': False, 'id': None, 'name': 'Rosangela Maria Cotrim Mariano', 'email': 'rosaboti@gmail.com', 'errors': ['Falha ao processar lote no Salesforce']}, {'success': False, 'id': None, 'name': 'Thiago De Mendonca Vasconcelos', 'email': 'thiago_vasconcelos84@hotmail.com', 'errors': ['Falha ao processar lote no Salesforce']}, {'success': False, 'id': None, 'name': 'Maria Vitoria Pereira Marques', 'email': 'anav_guedes@hotmail.com', 'errors': ['Falha ao processar lote no Salesforce']}, {'success': False, 'id': None, 'name': 'Francisco De Assis Costa', 'email': 'fcostahemo@hotmail.com', 'errors': ['Falha ao processar lote no Salesforce']}, {'success': False, 'id': None, 'name': 'Antonio Jose Anselmo Silva', 'email': 'antonioanselmosilva10@gmail.com', 'errors': ['Falha ao processar lote no Salesforce']}, {'success': False, 'id': None, 'name': 'Everardo De Almeida Nunes', 'email': 'everardonunes@gmail.com', 'errors': ['Falha ao processar lote no Salesforce']}, {'success': False, 'id': None, 'name': 'Jamile Maria Trovao Dos Santos', 'email': 'trovaoraquel@gmail.com', 'errors': ['Falha ao processar lote no Salesforce']}, {'success': False, 'id': None, 'name': 'Allan Cezar De Souza Luz', 'email': 'allanluz.phd@gmail.com', 'errors': ['Falha ao processar lote no Salesforce']}, {'success': False, 'id': None, 'name': 'Andrea Viveiros Heinze', 'email': 'andreaheinze@hotmail.com', 'errors': ['Falha ao processar lote no Salesforce']}, {'success': False, 'id': None, 'name': 'Joemir Roberto Melo', 'email': 'joemirbarauna@yahoo.com.br', 'errors': ['Falha ao processar lote no Salesforce']}, {'success': False, 'id': None, 'name': 'Benicio Rocha Dos Santos', 'email': 'benijil2008@hotmail.com', 'errors': ['Falha ao processar lote no Salesforce']}, {'success': False, 'id': None, 'name': 'Samir Freitas Maia Porto', 'email': 'sf.porto@uol.com.br', 'errors': ['Falha ao processar lote no Salesforce']}, {'success': False, 'id': None, 'name': 'Rodrigo Albuquerque De Victor', 'email': 'rdevictor@hotmail.com', 'errors': ['Falha ao processar lote no Salesforce']}, {'success': False, 'id': None, 'name': 'Duan Paulo Cleypaul Santos', 'email': 'duancleypaul@hotmail.com', 'errors': ['Falha ao processar lote no Salesforce']}, {'success': False, 'id': None, 'name': 'Telesforo De Medeiros Nery Junior', 'email': 'telesforojunior@me.com', 'errors': ['Falha ao processar lote no Salesforce']}, {'success': False, 'id': None, 'name': 'Hugo Cesar Martins Lima', 'email': 'hugolima49@gmail.com', 'errors': ['Falha ao processar lote no Salesforce']}, {'success': False, 'id': None, 'name': 'Leonardo Guilherme E Silva Bastos', 'email': 'comercial@kennedyturismo.com.br', 'errors': ['Falha ao processar lote no Salesforce']}, {'success': False, 'id': None, 'name': 'Jose Antonio Vilpert', 'email': 'antoniovilpert@hotmail.com', 'errors': ['Falha ao processar lote no Salesforce']}, {'success': False, 'id': None, 'name': 'Wesley Vilela De Campos', 'email': 'wesleyvilela1@hotmail.com', 'errors': ['Falha ao processar lote no Salesforce']}, {'success': False, 'id': None, 'name': 'Edmilson Evangelista Da Silva', 'email': 'edmilson.e.silva@embrapa.br', 'errors': ['Falha ao processar lote no Salesforce']}, {'success': False, 'id': None, 'name': 'Flora Da Conceicao Fernandes Satuf', 'email': 'florasat@hotmail.com', 'errors': ['Falha ao processar lote no Salesforce']}, {'success': False, 'id': None, 'name': 'Oseias Ferreira Da Silva', 'email': 'oseiasbio_mo@hotmail.com', 'errors': ['Falha ao processar lote no Salesforce']}, {'success': False, 'id': None, 'name': 'Edmundo Tojal Donato Junior', 'email': 'edmundotojal@hotmail.com', 'errors': ['Falha ao processar lote no Salesforce']}, {'success': False, 'id': None, 'name': 'Flavio Telesde Farias Filho', 'email': 'flavioteles75@gmail.com', 'errors': ['Falha ao processar lote no Salesforce']}, {'success': False, 'id': None, 'name': 'Salvio Mendonca Junior', 'email': 'mendoncasjr@hotmail.com', 'errors': ['Falha ao processar lote no Salesforce']}, {'success': False, 'id': None, 'name': 'Andrei Leite Gazzaneo', 'email': 'andreigazzaneo@gmail.com', 'errors': ['Falha ao processar lote no Salesforce']}, {'success': False, 'id': None, 'name': 'Frederico Nunes Borges De Lima', 'email': 'fredericonbl@bnb.gov.br', 'errors': ['Falha ao processar lote no Salesforce']}, {'success': False, 'id': None, 'name': 'Caroline Canuto Soares De Oliveira', 'email': 'carolinecso@hotmail.com', 'errors': ['Falha ao processar lote no Salesforce']}, {'success': False, 'id': None, 'name': 'Flavio Henrique De Jesus Pestana Sousa', 'email': 'flavio.pestana@hotmail.com', 'errors': ['Falha ao processar lote no Salesforce']}, {'success': False, 'id': None, 'name': 'Antonio Machado Correia Neto', 'email': 'antoniocorreiape@gmail.com', 'errors': ['Falha ao processar lote no Salesforce']}, {'success': False, 'id': None, 'name': 'Regina Stela De Melo Viana', 'email': 'vianacesar13@gmail.com', 'errors': ['Falha ao processar lote no Salesforce']}, {'success': False, 'id': None, 'name': 'Fernando Neves Da Costa E Silva Filho', 'email': 'fnevesfilho78@gmail.com', 'errors': ['Falha ao processar lote no Salesforce']}, {'success': False, 'id': None, 'name': 'Claudio Barbosa Dos Anjos', 'email': 'claudio@jcbebidas.com.br', 'errors': ['Falha ao processar lote no Salesforce']}, {'success': False, 'id': None, 'name': 'Camila Mayara Dantas Pereira Marinho', 'email': 'camilampdantasm@gmail.com', 'errors': ['Falha ao processar lote no Salesforce']}, {'success': False, 'id': None, 'name': 'Mariama Vendramini Quirino', 'email': 'joaomarianobre65@gmail.com', 'errors': ['Falha ao processar lote no Salesforce']}, {'success': False, 'id': None, 'name': 'Luiz Felipe Dos Anjos De Melo Costa', 'email': 'lfdosanjos@yahoo.com.br', 'errors': ['Falha ao processar lote no Salesforce']}, {'success': False, 'id': None, 'name': 'Cibele Rozo Babora', 'email': 'cibele_rozo@hotmail.com', 'errors': ['Falha ao processar lote no Salesforce']}, {'success': False, 'id': None, 'name': 'Alcione Lordelo Armentano Silva', 'email': 'alcionelordelo@hotmail.com', 'errors': ['Falha ao processar lote no Salesforce']}, {'success': False, 'id': None, 'name': 'Luiz Henrique Miranda Coutinho', 'email': 'lhc.coutinho@gmail.com', 'errors': ['Falha ao processar lote no Salesforce']}, {'success': False, 'id': None, 'name': 'Joao Henrique Zonta', 'email': 'joaozonta@hotmail.com', 'errors': ['Falha ao processar lote no Salesforce']}, {'success': False, 'id': None, 'name': 'Paulo Tobias De Souza', 'email': 'paulotobiasdesouza@gmail.com', 'errors': ['Falha ao processar lote no Salesforce']}, {'success': False, 'id': None, 'name': 'Julio Inacio Holanda Tavares Neto', 'email': 'jihtavares@gmail.com', 'errors': ['Falha ao processar lote no Salesforce']}, {'success': False, 'id': None, 'name': 'Michelle Rafaelle Andrade Gurgel', 'email': 'mi_rafaelle@yahoo.com.br', 'errors': ['Falha ao processar lote no Salesforce']}, {'success': False, 'id': None, 'name': 'Hanny Michael Lins Nobre Juca', 'email': 'hannyjuca@gmail.com', 'errors': ['Falha ao processar lote no Salesforce']}, {'success': False, 'id': None, 'name': 'Guilherme Romualdo Moreira', 'email': 'quirogm@hotmail.com', 'errors': ['Falha ao processar lote no Salesforce']}, {'success': False, 'id': None, 'name': 'Cicero Marcelino Da Silva Filho', 'email': 'ciceromarcelinosf@gmail.com', 'errors': ['Falha ao processar lote no Salesforce']}, {'success': False, 'id': None, 'name': 'Nivalda Rodrigues Santana De Aragao', 'email': 'eleonora@tarjabranca.com.br', 'errors': ['Falha ao processar lote no Salesforce']}, {'success': False, 'id': None, 'name': 'Jorge Victor Da Silva Costa', 'email': 'jorgevictor_ma@hotmail.com', 'errors': ['Falha ao processar lote no Salesforce']}, {'success': False, 'id': None, 'name': 'Clelia Ribeiro Pinheiro Heluy', 'email': 'cleliarpheluy@gmail.com', 'errors': ['Falha ao processar lote no Salesforce']}, {'success': False, 'id': None, 'name': 'Augusto Barros Neto', 'email': 'augustobarros419@gmail.com', 'errors': ['Falha ao processar lote no Salesforce']}, {'success': False, 'id': None, 'name': 'Edno Tapajos Oliveira', 'email': 'edno.t.oliveira@gmail.com', 'errors': ['Falha ao processar lote no Salesforce']}, {'success': False, 'id': None, 'name': 'Artur Thiago Leda Alves Da Costa', 'email': 'artur.thiago@gmail.com', 'errors': ['Falha ao processar lote no Salesforce']}, {'success': False, 'id': None, 'name': 'Hoana Maria Andrade Tomaz', 'email': 'hoanatomaz@gmail.com', 'errors': ['Falha ao processar lote no Salesforce']}, {'success': False, 'id': None, 'name': 'Jose Helio Ebbers Do Monte', 'email': 'jheliomonte@hotmail.com', 'errors': ['Falha ao processar lote no Salesforce']}, {'success': False, 'id': None, 'name': 'Lucas Wanderley Rosado', 'email': 'lucaswanderleyr@hotmail.com', 'errors': ['Falha ao processar lote no Salesforce']}, {'success': False, 'id': None, 'name': 'Evaldo Soares Boaventura', 'email': 'evaldob@suzano.com.br', 'errors': ['Falha ao processar lote no Salesforce']}, {'success': False, 'id': None, 'name': 'Rosilene Sampaio Ericeira', 'email': 'rosisamp@gmail.com', 'errors': ['Falha ao processar lote no Salesforce']}, {'success': False, 'id': None, 'name': 'Alex Viana Veloso', 'email': 'alexvianav@gmail.com', 'errors': ['Falha ao processar lote no Salesforce']}, {'success': False, 'id': None, 'name': 'Cicero Da Silva', 'email': 'cicero.se1@gmail.com', 'errors': ['Falha ao processar lote no Salesforce']}, {'success': False, 'id': None, 'name': 'Richardson Soares Emidio', 'email': 'richardsonoftalmo@gmail.com', 'errors': ['Falha ao processar lote no Salesforce']}, {'success': False, 'id': None, 'name': 'Marluce De Jesus Prata', 'email': 'valeskabarbosa@hotmail.com', 'errors': ['Falha ao processar lote no Salesforce']}, {'success': False, 'id': None, 'name': 'Givanildo Santana Do Nascimento', 'email': 'gsnascimento@gmail.com', 'errors': ['Falha ao processar lote no Salesforce']}, {'success': False, 'id': None, 'name': 'Guilherme Do Espirito Santo Silva', 'email': 'guilherme.ess@gmail.com', 'errors': ['Falha ao processar lote no Salesforce']}, {'success': False, 'id': None, 'name': 'Rosa Elena De Castro Tenorio Nogueira', 'email': 'rosaelenatn@hotmail.com', 'errors': ['Falha ao processar lote no Salesforce']}, {'success': False, 'id': None, 'name': 'Joao Paulo Da Silva Falcao', 'email': 'jpsfoutubro1976@gmail.com', 'errors': ['Falha ao processar lote no Salesforce']}, {'success': False, 'id': None, 'name': 'Sidcley Da Silva Santos', 'email': 'sidload@gmail.com', 'errors': ['Falha ao processar lote no Salesforce']}, {'success': False, 'id': None, 'name': 'Edson Dos Santos', 'email': 'edsonsantos.capixaba65@gmail.com', 'errors': ['Falha ao processar lote no Salesforce']}, {'success': False, 'id': None, 'name': 'Filipe Gustavo Alves Da Silva', 'email': 'filipegusta@hotmail.com', 'errors': ['Falha ao processar lote no Salesforce']}, {'success': False, 'id': None, 'name': 'Mario Maciel De Lima Junior', 'email': 'mmljr@uol.com.br', 'errors': ['Falha ao processar lote no Salesforce']}, {'success': False, 'id': None, 'name': 'Thais Costa Gondim', 'email': 'thaiscostagondim@hotmail.com', 'errors': ['Falha ao processar lote no Salesforce']}, {'success': False, 'id': None, 'name': 'Paulo Marcio Tibana', 'email': 'marciopaulo.tibana@gmail.com', 'errors': ['Falha ao processar lote no Salesforce']}, {'success': False, 'id': None, 'name': 'Mary Lucy Nunes De Mendonca Costa', 'email': 'marynmc@terra.com.br', 'errors': ['Falha ao processar lote no Salesforce']}, {'success': False, 'id': None, 'name': 'Gawain Julian Shaw', 'email': 'gshaw10@outlook.com', 'errors': ['Falha ao processar lote no Salesforce']}, {'success': False, 'id': None, 'name': 'Adolfo Vasconcelos De Albuquerque', 'email': 'adolfo.vasconcelos@hotmail.com', 'errors': ['Falha ao processar lote no Salesforce']}, {'success': False, 'id': None, 'name': 'Gyl Eanes Barros Silva', 'email': 'gyleanes@alumni.usp.br', 'errors': ['Falha ao processar lote no Salesforce']}, {'success': False, 'id': None, 'name': 'Daniel Correia Dantas Neto', 'email': 'danielnettt@gmail.com', 'errors': ['Falha ao processar lote no Salesforce']}, {'success': False, 'id': None, 'name': 'Rodrigo Peres Ignacio', 'email': 'endomaceio.pigncio@gmail.com', 'errors': ['Falha ao processar lote no Salesforce']}, {'success': False, 'id': None, 'name': 'Marco Antonio Galrao Leite De Almeida', 'email': 'maglalmeida@hotmail.com', 'errors': ['Falha ao processar lote no Salesforce']}, {'success': False, 'id': None, 'name': 'Marcio Jose Honaiser', 'email': 'marciohonaiser@gmail.com', 'errors': ['Falha ao processar lote no Salesforce']}, {'success': False, 'id': None, 'name': 'Marcia Cristina Da Silva Rocha', 'email': 'rocha.marciacristina@gmail.com', 'errors': ['Falha ao processar lote no Salesforce']}, {'success': False, 'id': None, 'name': 'Cesar Rodrigues Viana', 'email': 'vianacesar13@gmail.com', 'errors': ['Falha ao processar lote no Salesforce']}, {'success': False, 'id': None, 'name': 'Wellington Claudio Pinho De Castro', 'email': 'wellington.castro@trf1.jus.br', 'errors': ['Falha ao processar lote no Salesforce']}, {'success': False, 'id': None, 'name': 'Luiz Carlos Barbosa Noleto', 'email': 'lucabano@bol.com.br', 'errors': ['Falha ao processar lote no Salesforce']}, {'success': False, 'id': None, 'name': 'Jorge Pohl De Souza', 'email': 'jorgepohl327@hotmail.com', 'errors': ['Falha ao processar lote no Salesforce']}, {'success': False, 'id': None, 'name': 'Onofre Goncalves Rodrigues', 'email': 'onofre.g@uol.com.br', 'errors': ['Falha ao processar lote no Salesforce']}, {'success': False, 'id': None, 'name': 'Rodrigo Esteves Martins', 'email': 'rodesmar@gmail.com', 'errors': ['Falha ao processar lote no Salesforce']}, {'success': False, 'id': None, 'name': 'Marcelo Gomes Da Silva', 'email': 'mgsquimica@gmail.com', 'errors': ['Falha ao processar lote no Salesforce']}, {'success': False, 'id': None, 'name': 'Claudio Andre De Sousa Brito', 'email': 'claudiosefaz@gmail.com', 'errors': ['Falha ao processar lote no Salesforce']}, {'success': False, 'id': None, 'name': 'Italo Fabio Gomes De Azevedo', 'email': 'italo@azevedoadvocacia.adv.br', 'errors': ['Falha ao processar lote no Salesforce']}, {'success': False, 'id': None, 'name': 'Caroline Reis Caracas', 'email': 'caroline.caracas@gmail.com', 'errors': ['Falha ao processar lote no Salesforce']}, {'success': False, 'id': None, 'name': 'Sergio Rodrigo Pereira De Araujo', 'email': 'saraujo12@yahoo.com.br', 'errors': ['Falha ao processar lote no Salesforce']}, {'success': False, 'id': None, 'name': 'Jorge Vasconcellos De Oliveira', 'email': 'jorge.vo@globo.com', 'errors': ['Falha ao processar lote no Salesforce']}, {'success': False, 'id': None, 'name': 'S. M.c. Cruz', 'email': 'silviene_mayara@hotmail.com', 'errors': ['Falha ao processar lote no Salesforce']}, {'success': False, 'id': None, 'name': 'Fernando Antonio De Alemao Cisneiros', 'email': 'f.cisneiros@hotmail.com', 'errors': ['Falha ao processar lote no Salesforce']}, {'success': False, 'id': None, 'name': 'Josicleia Lima Moreira', 'email': 'josycleia@hotmail.com', 'errors': ['Falha ao processar lote no Salesforce']}, {'success': False, 'id': None, 'name': 'Jose Ronaldo Lopes De Omena', 'email': 'omena1@gmail.com', 'errors': ['Falha ao processar lote no Salesforce']}, {'success': False, 'id': None, 'name': 'Eliano Newton Magno Cordeiro', 'email': 'eliano@construtorajj.com.br', 'errors': ['Falha ao processar lote no Salesforce']}, {'success': False, 'id': None, 'name': 'Vera Sandra Pinheiro Nascimento Tavares', 'email': 'sandrapinheiro210@gmail.com', 'errors': ['Falha ao processar lote no Salesforce']}, {'success': False, 'id': None, 'name': 'Marcia Moura Maia', 'email': 'marciamouramaia@gmail.com', 'errors': ['Falha ao processar lote no Salesforce']}, {'success': False, 'id': None, 'name': 'Jose Luiz Oliveira De Almeida', 'email': 'joseluizalmeida53@gmail.com', 'errors': ['Falha ao processar lote no Salesforce']}, {'success': False, 'id': None, 'name': 'Aurina Borges Oliveira', 'email': 'aurinaoliveira@hotmail.com', 'errors': ['Falha ao processar lote no Salesforce']}, {'success': False, 'id': None, 'name': 'Daniel Ribeiro Araujo Marques', 'email': 'certainformatica@hotmail.com', 'errors': ['Falha ao processar lote no Salesforce']}, {'success': False, 'id': None, 'name': 'Zulmira Soares De Paiva Gama', 'email': 'zpaiva2601@ig.com.br', 'errors': ['Falha ao processar lote no Salesforce']}, {'success': False, 'id': None, 'name': 'Ivaldo Da Silva', 'email': 'humaita33@yahoo.com.br', 'errors': ['Falha ao processar lote no Salesforce']}, {'success': False, 'id': None, 'name': 'Rodrigo Moreira De Oliveira', 'email': 'amebvb@gmail.com', 'errors': ['Falha ao processar lote no Salesforce']}, {'success': False, 'id': None, 'name': 'Pedro Antonio', 'email': 'pedro.antonio.fais@gmail.com', 'errors': ['Falha ao processar lote no Salesforce']}, {'success': False, 'id': None, 'name': 'Andrea Santos Goncalves', 'email': 'andreasg7@outlook.com', 'errors': ['Falha ao processar lote no Salesforce']}, {'success': False, 'id': None, 'name': 'Jose De Ribamar Pinho Franca', 'email': 'jpfranca@uol.com.br', 'errors': ['Falha ao processar lote no Salesforce']}, {'success': False, 'id': None, 'name': 'Gastao Brito Guimaraes', 'email': 'gastaobg2@gmail.com', 'errors': ['Falha ao processar lote no Salesforce']}, {'success': False, 'id': None, 'name': 'Armando Ferreira De Barros Filho', 'email': 'armandofbarros@gmail.com', 'errors': ['Falha ao processar lote no Salesforce']}, {'success': False, 'id': None, 'name': 'Miguel Angelo Feitosa Melo', 'email': 'mfeitosamelo@yahoo.com.br', 'errors': ['Falha ao processar lote no Salesforce']}, {'success': False, 'id': None, 'name': 'Sergio Ricardo Dos Santos Reis', 'email': 'srsergioreis@hotmail.com', 'errors': ['Falha ao processar lote no Salesforce']}, {'success': False, 'id': None, 'name': 'Joao Goncalves Neto', 'email': 'dannyamg@hotmail.com', 'errors': ['Falha ao processar lote no Salesforce']}, {'success': False, 'id': None, 'name': 'Sidney Agra Barros', 'email': 'sidney@staffvideo.com.br', 'errors': ['Falha ao processar lote no Salesforce']}, {'success': False, 'id': None, 'name': 'Paulo Thiago Gomes Camello Da Costa', 'email': 'paulocamello@gmail.com', 'errors': ['Falha ao processar lote no Salesforce']}, {'success': False, 'id': None, 'name': 'Francisco Jean Mikel Silva Costa', 'email': 'jeanmikel@hotmail.com', 'errors': ['Falha ao processar lote no Salesforce']}, {'success': False, 'id': None, 'name': 'Jayro Henrique Sousa Monteiro', 'email': 'jayromonteiro@gmail.com', 'errors': ['Falha ao processar lote no Salesforce']}, {'success': False, 'id': None, 'name': 'Antonio Dantas Silva Junior', 'email': 'adantasjr@uol.com.br', 'errors': ['Falha ao processar lote no Salesforce']}]
2025-05-15 20:44:34 [INFO] [conversion.file_converter] - [conversion_process=file_converter | timestamp=2025-05-15T20:44:34.801304 | caller=file_converter] Arquivo temporário 'C:\Users\joaol\Desktop\conversor_planilha\A converter\temp_2246e95c4ef542a6a6cd71ecb00de049.csv' removido.
2025-05-15 20:46:12 [INFO] [conversion.file_converter] - [conversion_process=file_converter | timestamp=2025-05-15T20:46:12.845229 | caller=file_converter] Arquivo 'Copia_de_Copia_de_Batch_3_Backoffice_13-05-2511.xlsx' salvo temporariamente como 'C:\Users\joaol\Desktop\conversor_planilha\A converter\temp_594b192238724998a812c74e7794a45f.xlsx'
2025-05-15 20:46:12 [INFO] [conversion.file_converter] - [conversion_process=file_converter | timestamp=2025-05-15T20:46:12.846067 | caller=file_converter] Iniciando processamento do arquivo: Copia_de_Copia_de_Batch_3_Backoffice_13-05-2511.xlsx
2025-05-15 20:46:12 [INFO] [conversion.file_converter] - [conversion_process=file_converter | timestamp=2025-05-15T20:46:12.846287 | caller=file_converter] Preparando snippet do arquivo para análise da IA...
2025-05-15 20:46:13 [INFO] [conversion.file_converter] - [conversion_process=file_converter | timestamp=2025-05-15T20:46:13.104655 | caller=file_converter] Snippet do arquivo (primeiras 10 linhas) preparado para IA.
2025-05-15 20:46:13 [DEBUG] [conversion.file_converter] - [conversion_process=file_converter | timestamp=2025-05-15T20:46:13.104969 | caller=file_converter] Conteúdo do snippet para IA:
Cliente;Tel. Fixo;Celular;E-mail;Descrição;Volume Aproximado;Tipo;Estado;Proprietario;Milhao
Adriano da nobrega gomes;(84)994812952;(84)(994812952);adriano@aerotur.com.br;Arrojado,Qualificado;1000000;Pessoa Física;RN;ctint;1
Airton leo nogueira forte melo;(84)999555641;(84)(999555641);airtonleomelo@yahoo.com.br;Desconhecido,Qualificado;1200000;Pessoa Física;RN;ctint;1
Alessandro couto militao;(84)991444983;(84)(991444983);alessandro_militao@yahoo.com.br;Arrojado,Regular;1100000;Pessoa Física;...
2025-05-15 20:46:13 [INFO] [conversion.file_converter] - [conversion_process=file_converter | timestamp=2025-05-15T20:46:13.105091 | caller=file_converter] Consultando IA para mapeamento de colunas...
2025-05-15 20:46:15 [INFO] [conversion.file_converter] - [conversion_process=file_converter | timestamp=2025-05-15T20:46:15.177281 | caller=file_converter] Mapeamento de colunas recebido da IA: {'LastName': 'Cliente', 'FirstName': None, 'Company': None, 'Email': 'E-mail', 'Phone': 'Celular', 'Title': None, 'Street': None, 'City': None, 'State': 'Estado', 'PostalCode': None, 'Country': None, 'LeadSource': None, 'OwnerId': 'Proprietario'}
2025-05-15 20:46:15 [INFO] [conversion.file_converter] - [conversion_process=file_converter | timestamp=2025-05-15T20:46:15.177581 | caller=file_converter] Lendo arquivo completo e aplicando mapeamento da IA...
2025-05-15 20:46:15 [INFO] [conversion.file_converter] - [conversion_process=file_converter | timestamp=2025-05-15T20:46:15.197343 | caller=file_converter] Arquivo completo lido. Total de linhas: 100
2025-05-15 20:46:15 [INFO] [conversion.file_converter] - [conversion_process=file_converter | timestamp=2025-05-15T20:46:15.197638 | caller=file_converter] Criando DataFrame final com base no mapeamento da IA...
2025-05-15 20:46:15 [DEBUG] [conversion.file_converter] - [conversion_process=file_converter | timestamp=2025-05-15T20:46:15.198947 | caller=file_converter] Mapeado: Salesforce 'LastName' <- Arquivo 'Cliente'
2025-05-15 20:46:15 [INFO] [conversion.file_converter] - [conversion_process=file_converter | timestamp=2025-05-15T20:46:15.199246 | caller=file_converter] Salesforce 'FirstName' não foi mapeado pela IA ou não especificado. Será criada vazia.
2025-05-15 20:46:15 [INFO] [conversion.file_converter] - [conversion_process=file_converter | timestamp=2025-05-15T20:46:15.199576 | caller=file_converter] Salesforce 'Company' não foi mapeado pela IA ou não especificado. Será criada vazia.
2025-05-15 20:46:15 [DEBUG] [conversion.file_converter] - [conversion_process=file_converter | timestamp=2025-05-15T20:46:15.200075 | caller=file_converter] Mapeado: Salesforce 'Email' <- Arquivo 'E-mail'
2025-05-15 20:46:15 [DEBUG] [conversion.file_converter] - [conversion_process=file_converter | timestamp=2025-05-15T20:46:15.200394 | caller=file_converter] Mapeado: Salesforce 'Phone' <- Arquivo 'Celular'
2025-05-15 20:46:15 [INFO] [conversion.file_converter] - [conversion_process=file_converter | timestamp=2025-05-15T20:46:15.200572 | caller=file_converter] Salesforce 'Title' não foi mapeado pela IA ou não especificado. Será criada vazia.
2025-05-15 20:46:15 [INFO] [conversion.file_converter] - [conversion_process=file_converter | timestamp=2025-05-15T20:46:15.200840 | caller=file_converter] Salesforce 'Street' não foi mapeado pela IA ou não especificado. Será criada vazia.
2025-05-15 20:46:15 [INFO] [conversion.file_converter] - [conversion_process=file_converter | timestamp=2025-05-15T20:46:15.201106 | caller=file_converter] Salesforce 'City' não foi mapeado pela IA ou não especificado. Será criada vazia.
2025-05-15 20:46:15 [DEBUG] [conversion.file_converter] - [conversion_process=file_converter | timestamp=2025-05-15T20:46:15.201648 | caller=file_converter] Mapeado: Salesforce 'State' <- Arquivo 'Estado'
2025-05-15 20:46:15 [INFO] [conversion.file_converter] - [conversion_process=file_converter | timestamp=2025-05-15T20:46:15.201903 | caller=file_converter] Salesforce 'PostalCode' não foi mapeado pela IA ou não especificado. Será criada vazia.
2025-05-15 20:46:15 [INFO] [conversion.file_converter] - [conversion_process=file_converter | timestamp=2025-05-15T20:46:15.202416 | caller=file_converter] Salesforce 'Country' não foi mapeado pela IA ou não especificado. Será criada vazia.
2025-05-15 20:46:15 [INFO] [conversion.file_converter] - [conversion_process=file_converter | timestamp=2025-05-15T20:46:15.202800 | caller=file_converter] Salesforce 'LeadSource' não foi mapeado pela IA ou não especificado. Será criada vazia.
2025-05-15 20:46:15 [DEBUG] [conversion.file_converter] - [conversion_process=file_converter | timestamp=2025-05-15T20:46:15.203404 | caller=file_converter] Mapeado: Salesforce 'OwnerId' <- Arquivo 'Proprietario'
2025-05-15 20:46:15 [DEBUG] [conversion.file_converter] - [conversion_process=file_converter | timestamp=2025-05-15T20:46:15.204003 | caller=file_converter] Campo obrigatório 'Company' estava vazio ou nulo após mapeamento, garantindo strings vazias.
2025-05-15 20:46:15 [INFO] [conversion.file_converter] - [conversion_process=file_converter | timestamp=2025-05-15T20:46:15.204092 | caller=file_converter] DataFrame final mapeado criado com 100 linhas e 13 colunas.
2025-05-15 20:46:15 [DEBUG] [conversion.file_converter] - [conversion_process=file_converter | timestamp=2025-05-15T20:46:15.206768 | caller=file_converter] Primeiras linhas do DataFrame final mapeado:
                         LastName FirstName Company                            Email            Phone Title Street City State PostalCode Country LeadSource OwnerId
0        Adriano da nobrega gomes                             adriano@aerotur.com.br  (84)(994812952)                      RN                                 ctint
1  Airton leo nogueira forte melo                         airtonleomelo@yahoo.com.br  (84)(999555641)                      RN                                 ctint
2        Alessandro couto militao                    alessandro_militao@yahoo.com.br  (84)(991444983)                      RN                                 ctint
3         Alexandre rezende aidar                                  araidar@gmail.com  (84)(996273417)                      RN                                 ctint
4        Ana paula bezerra santos                           paullasantos32@gmail.com  (84)(999999999)                      RN                                 ctint
2025-05-15 20:46:15 [INFO] [conversion.file_converter] - [conversion_process=file_converter | timestamp=2025-05-15T20:46:15.208197 | caller=file_converter] Arquivo mapeado pela IA salvo como 'C:\Users\joaol\Desktop\conversor_planilha\A converter\leads-semformatado.csv'
2025-05-15 20:46:15 [INFO] [conversion.file_converter] - [conversion_process=file_converter | timestamp=2025-05-15T20:46:15.208449 | caller=file_converter] Corrigindo o arquivo CSV para garantir campos obrigatórios...
2025-05-15 20:46:15 [INFO] [conversion.file_converter] - [conversion_process=file_converter | timestamp=2025-05-15T20:46:15.212083 | caller=file_converter] Iniciando criação de leads no Salesforce a partir de: C:\Users\joaol\Desktop\conversor_planilha\A converter\leads-semformatado.csv
2025-05-15 20:46:31 [ERROR] [conversion.file_converter] - [conversion_process=file_converter | timestamp=2025-05-15T20:46:31.539034 | caller=file_converter] Falha ao criar leads no Salesforce: [{'success': False, 'id': None, 'name': 'Adriano Da Nobrega Gomes', 'email': 'adriano@aerotur.com.br', 'errors': ['Falha ao processar lote no Salesforce']}, {'success': False, 'id': None, 'name': 'Airton Leo Nogueira Forte Melo', 'email': 'airtonleomelo@yahoo.com.br', 'errors': ['Falha ao processar lote no Salesforce']}, {'success': False, 'id': None, 'name': 'Alessandro Couto Militao', 'email': 'alessandro_militao@yahoo.com.br', 'errors': ['Falha ao processar lote no Salesforce']}, {'success': False, 'id': None, 'name': 'Alexandre Rezende Aidar', 'email': 'araidar@gmail.com', 'errors': ['Falha ao processar lote no Salesforce']}, {'success': False, 'id': None, 'name': 'Ana Paula Bezerra Santos', 'email': 'paullasantos32@gmail.com', 'errors': ['Falha ao processar lote no Salesforce']}, {'success': False, 'id': None, 'name': 'Andre Alves De Mendonca Dantas', 'email': 'andredantas@ymail.com', 'errors': ['Falha ao processar lote no Salesforce']}, {'success': False, 'id': None, 'name': 'Andre Soares Aladim De Araujo', 'email': 'andrealadim@hotmail.com', 'errors': ['Falha ao processar lote no Salesforce']}, {'success': False, 'id': None, 'name': 'Arturo Cavalcanti Catunda', 'email': 'arturocatunda@gmail.com', 'errors': ['Falha ao processar lote no Salesforce']}, {'success': False, 'id': None, 'name': 'Ayla Maria Oliveira Braga Mendonca', 'email': 'ayla_gpa@hotmail.com', 'errors': ['Falha ao processar lote no Salesforce']}, {'success': False, 'id': None, 'name': 'Bianca Giffoni De Medeiros Nunes Pinheiro Leal', 'email': 'biagiff@hotmail.com', 'errors': ['Falha ao processar lote no Salesforce']}, {'success': False, 'id': None, 'name': 'Breno Emanuel Barroso Franca', 'email': 'breno.franca@mte.gov.br', 'errors': ['Falha ao processar lote no Salesforce']}, {'success': False, 'id': None, 'name': 'Bruno Francisco Lima Santos', 'email': 'brunofls01@gmail.com', 'errors': ['Falha ao processar lote no Salesforce']}, {'success': False, 'id': None, 'name': 'Carlos De Figueiredo Locatto Junior', 'email': 'locattocarlos@gmail.com', 'errors': ['Falha ao processar lote no Salesforce']}, {'success': False, 'id': None, 'name': 'Carlos Menezes Diniz Junior', 'email': 'cdinizjr@terra.com.br', 'errors': ['Falha ao processar lote no Salesforce']}, {'success': False, 'id': None, 'name': 'Carlos Roberto Almeida De Jesus', 'email': 'sigmalphacarlito@gmail.com', 'errors': ['Falha ao processar lote no Salesforce']}, {'success': False, 'id': None, 'name': 'Cesar Lima Pereira', 'email': 'cesarlimap@gmail.com', 'errors': ['Falha ao processar lote no Salesforce']}, {'success': False, 'id': None, 'name': 'Conceicao De Maria Lins Da Costa Marinho', 'email': 'conceicao.marinho@icloud.com', 'errors': ['Falha ao processar lote no Salesforce']}, {'success': False, 'id': None, 'name': 'Daniel Monteiro Da Silva', 'email': 'danielm_adv@hotmail.com', 'errors': ['Falha ao processar lote no Salesforce']}, {'success': False, 'id': None, 'name': 'Dehuel Diniz Ferreira Lima', 'email': 'dehueldiniz@gmail.com', 'errors': ['Falha ao processar lote no Salesforce']}, {'success': False, 'id': None, 'name': 'Dennis De Paiva Pessoa', 'email': 'dppessoa@hotmail.com', 'errors': ['Falha ao processar lote no Salesforce']}, {'success': False, 'id': None, 'name': 'Douglas De Medeiros Guanabara', 'email': 'douglasguanabara02@gmail.com', 'errors': ['Falha ao processar lote no Salesforce']}, {'success': False, 'id': None, 'name': 'Edenilton Martini De Almeida', 'email': 'edenilton@martuna.com.br', 'errors': ['Falha ao processar lote no Salesforce']}, {'success': False, 'id': None, 'name': 'Edivaldo De Mascena Duarte', 'email': 'duarte_em@yahoo.com', 'errors': ['Falha ao processar lote no Salesforce']}, {'success': False, 'id': None, 'name': 'Edna De Castro Callado', 'email': 'ednacc3@hotmail.com', 'errors': ['Falha ao processar lote no Salesforce']}, {'success': False, 'id': None, 'name': 'Eliane Melo Dos Reis Fernandes', 'email': 'elianemeloreis@gmail.com', 'errors': ['Falha ao processar lote no Salesforce']}, {'success': False, 'id': None, 'name': 'Emanuel Dhayan Bezerra De Almeida', 'email': 'emanuel.mprn@gmail.com', 'errors': ['Falha ao processar lote no Salesforce']}, {'success': False, 'id': None, 'name': 'Emanuel Telino Monteiro', 'email': 'emanueltelino@bol.com.br', 'errors': ['Falha ao processar lote no Salesforce']}, {'success': False, 'id': None, 'name': 'Erivaldo Medeiros De Souza', 'email': 'erivaldosouza@gmail.com', 'errors': ['Falha ao processar lote no Salesforce']}, {'success': False, 'id': None, 'name': 'Ernesto Carlos Martin Ferro', 'email': 'ecmfferro@gmail.com', 'errors': ['Falha ao processar lote no Salesforce']}, {'success': False, 'id': None, 'name': 'Fernando Alex Fernandes Braga', 'email': 'fernandoalex.fb@hotmail.com', 'errors': ['Falha ao processar lote no Salesforce']}, {'success': False, 'id': None, 'name': 'Flavio Giuliano Patricio De Miranda', 'email': 'fgpmiranda@uol.com.br', 'errors': ['Falha ao processar lote no Salesforce']}, {'success': False, 'id': None, 'name': 'Francisco Sinesio Ferreira Vilaca', 'email': 'sinesio.vilaca@outlook.com', 'errors': ['Falha ao processar lote no Salesforce']}, {'success': False, 'id': None, 'name': 'Franco Mazzorato', 'email': 'fmfmit@gmail.com', 'errors': ['Falha ao processar lote no Salesforce']}, {'success': False, 'id': None, 'name': 'Geraldo Figueiredo Da Silveira', 'email': 'geraldomaxprom@gmail.com', 'errors': ['Falha ao processar lote no Salesforce']}, {'success': False, 'id': None, 'name': 'Gilmar Dos Santos Araujo', 'email': 'gilmarabc2009@gmail.com', 'errors': ['Falha ao processar lote no Salesforce']}, {'success': False, 'id': None, 'name': 'Horacio Oliveira Cunha', 'email': 'horacio@pulseacademia.com.br', 'errors': ['Falha ao processar lote no Salesforce']}, {'success': False, 'id': None, 'name': 'Hudson Araujo Cardoso', 'email': 'hudsonacardoso@gmail.com', 'errors': ['Falha ao processar lote no Salesforce']}, {'success': False, 'id': None, 'name': 'Ildo Galvao De Almeida Rodrigues', 'email': 'ildorodrigues@yahoo.com', 'errors': ['Falha ao processar lote no Salesforce']}, {'success': False, 'id': None, 'name': 'Jailton Nascimento De Lima', 'email': 'jailtonl@hotmail.com', 'errors': ['Falha ao processar lote no Salesforce']}, {'success': False, 'id': None, 'name': 'Jansen Dantas De Oliveira', 'email': 'janseen@gmail.com', 'errors': ['Falha ao processar lote no Salesforce']}, {'success': False, 'id': None, 'name': 'Joan Mendonca', 'email': 'joan.mendonca@gmail.com', 'errors': ['Falha ao processar lote no Salesforce']}, {'success': False, 'id': None, 'name': 'Joao Batista Costa Fontes', 'email': 'joao.bcf@icloud.com', 'errors': ['Falha ao processar lote no Salesforce']}, {'success': False, 'id': None, 'name': 'Joao Ingenieros Pinheiro Moura', 'email': 'jipmrn@gmail.com', 'errors': ['Falha ao processar lote no Salesforce']}, {'success': False, 'id': None, 'name': 'Joao Luiz Mendonca De Seixas', 'email': 'furiav@gmail.com', 'errors': ['Falha ao processar lote no Salesforce']}, {'success': False, 'id': None, 'name': 'Jorge Inacio Filho', 'email': 'jorgeinacio15@gmail.com', 'errors': ['Falha ao processar lote no Salesforce']}, {'success': False, 'id': None, 'name': 'Jorge Luiz Carvalho', 'email': 'joak1953@gmail.com', 'errors': ['Falha ao processar lote no Salesforce']}, {'success': False, 'id': None, 'name': 'Jose Alexandre Goncalves De Melo', 'email': 'jotaalex.rn@gmail.com', 'errors': ['Falha ao processar lote no Salesforce']}, {'success': False, 'id': None, 'name': 'Jose Harlen Albino Dantas', 'email': 'joseharlen@icloud.com', 'errors': ['Falha ao processar lote no Salesforce']}, {'success': False, 'id': None, 'name': 'Jose Luiz Ferreira Da Silva', 'email': 'j.luizfs@hotmail.com', 'errors': ['Falha ao processar lote no Salesforce']}, {'success': False, 'id': None, 'name': 'Jose Ricardo Santos Correia Da Cunha', 'email': 'josericardosccunha@gmail.com', 'errors': ['Falha ao processar lote no Salesforce']}, {'success': False, 'id': None, 'name': 'Josemar De Vasconcelos Virginio', 'email': 'osemarvirginio257@gmail.com', 'errors': ['Falha ao processar lote no Salesforce']}, {'success': False, 'id': None, 'name': 'Jucelino Oliveira De Souza', 'email': 'jucelinosousa.sousa@gmail.com', 'errors': ['Falha ao processar lote no Salesforce']}, {'success': False, 'id': None, 'name': 'Juliano Jose De Souza', 'email': 'julianojsouza99@gmail.com', 'errors': ['Falha ao processar lote no Salesforce']}, {'success': False, 'id': None, 'name': 'Kario Cesar Vale De Medeiros', 'email': 'kariomedeiros@hotmail.com', 'errors': ['Falha ao processar lote no Salesforce']}, {'success': False, 'id': None, 'name': 'Leila Fernandes Rosado', 'email': 'leilarm@hotmail.com', 'errors': ['Falha ao processar lote no Salesforce']}, {'success': False, 'id': None, 'name': 'Leydson De Araujo Camara', 'email': 'leydsoncamara@yahoo.com.br', 'errors': ['Falha ao processar lote no Salesforce']}, {'success': False, 'id': None, 'name': 'Lorena Barreto De Vasconcelos Da Costa', 'email': 'jvirginio257@gmail.com', 'errors': ['Falha ao processar lote no Salesforce']}, {'success': False, 'id': None, 'name': 'Luciano Angeli Dias Rodrigues', 'email': 'tse.dias@gmail.com', 'errors': ['Falha ao processar lote no Salesforce']}, {'success': False, 'id': None, 'name': 'Luzimar Pereira Da Silva', 'email': 'luzimarps@outlook.com', 'errors': ['Falha ao processar lote no Salesforce']}, {'success': False, 'id': None, 'name': 'Lyz Helena Aires Lopes', 'email': 'lyzlopes71@gmail.com', 'errors': ['Falha ao processar lote no Salesforce']}, {'success': False, 'id': None, 'name': 'Manoel Henrique Cardoso Bandeira', 'email': 'mhcbandeira@gmail.com', 'errors': ['Falha ao processar lote no Salesforce']}, {'success': False, 'id': None, 'name': 'Marcel Cavalcanti De Melo', 'email': 'mmelol@hotmail.com', 'errors': ['Falha ao processar lote no Salesforce']}, {'success': False, 'id': None, 'name': 'Marcella Sousa Frota De Almeida Sales', 'email': 'marcellasfalmeida@yahoo.com.br', 'errors': ['Falha ao processar lote no Salesforce']}, {'success': False, 'id': None, 'name': 'Marcio Villar De Freitas', 'email': 'villarmarcio@hotmail.com', 'errors': ['Falha ao processar lote no Salesforce']}, {'success': False, 'id': None, 'name': 'Marco Antonio Do Nascimento Gurgel', 'email': 'comercial@mognocapital.com', 'errors': ['Falha ao processar lote no Salesforce']}, {'success': False, 'id': None, 'name': 'Maria Amelia Carvalho Gomes', 'email': 'adriano@aerotur.com.br', 'errors': ['Falha ao processar lote no Salesforce']}, {'success': False, 'id': None, 'name': 'Maria Conceicao Correia Pinto', 'email': 'telmaccp63@gmail.com', 'errors': ['Falha ao processar lote no Salesforce']}, {'success': False, 'id': None, 'name': 'Maria Deuzilene Candido', 'email': 'm.dulcecandido@gmail.com', 'errors': ['Falha ao processar lote no Salesforce']}, {'success': False, 'id': None, 'name': 'Maria Do Socorro Bessa Maciel', 'email': 't.bessacosta@gmail.com', 'errors': ['Falha ao processar lote no Salesforce']}, {'success': False, 'id': None, 'name': 'Maria Emilia Lopes Pereira', 'email': 'tito.queiroz@gmail.com', 'errors': ['Falha ao processar lote no Salesforce']}, {'success': False, 'id': None, 'name': 'Marileide Maria De Melo', 'email': 'falecomleda@gmail.com', 'errors': ['Falha ao processar lote no Salesforce']}, {'success': False, 'id': None, 'name': 'Max Dantas Gadelha De Freitas', 'email': 'maxdgfreitas@gmail.com', 'errors': ['Falha ao processar lote no Salesforce']}, {'success': False, 'id': None, 'name': 'Maxwell Martins De Araujo', 'email': 'maxwell@facell.com', 'errors': ['Falha ao processar lote no Salesforce']}, {'success': False, 'id': None, 'name': 'Michele Marquesini Silva', 'email': 'michele_marquesini@yahoo.com.br', 'errors': ['Falha ao processar lote no Salesforce']}, {'success': False, 'id': None, 'name': 'Militao Dias De Almeida', 'email': 'militaodias@hotmail.com', 'errors': ['Falha ao processar lote no Salesforce']}, {'success': False, 'id': None, 'name': 'Moniky Mayara Costa Fonseca Dantas', 'email': 'monikydantas@yahoo.com', 'errors': ['Falha ao processar lote no Salesforce']}, {'success': False, 'id': None, 'name': 'Murillo Cesar De Mello Brandao Filho', 'email': 'murillocesar@gmail.com', 'errors': ['Falha ao processar lote no Salesforce']}, {'success': False, 'id': None, 'name': 'Naide Maria Pinheiro', 'email': 'naidemariapinheiro@gmail.com', 'errors': ['Falha ao processar lote no Salesforce']}, {'success': False, 'id': None, 'name': 'Paulo Fernando Isabel Dos Reis', 'email': 'pisabeldosreis-xp@yahoo.com', 'errors': ['Falha ao processar lote no Salesforce']}, {'success': False, 'id': None, 'name': 'Petrus Gorgonio Bulhoes Da Nobrega', 'email': 'petrus.nobrega@gmail.com', 'errors': ['Falha ao processar lote no Salesforce']}, {'success': False, 'id': None, 'name': 'Priscila Mller', 'email': 'priscila@aguiapiscinas.ind.br', 'errors': ['Falha ao processar lote no Salesforce']}, {'success': False, 'id': None, 'name': 'Rafael De Azevedo Santos', 'email': 'cmnrafael@gmail.com', 'errors': ['Falha ao processar lote no Salesforce']}, {'success': False, 'id': None, 'name': 'Rafael Gaspar Pessoa', 'email': 'rafaelpessoaeng@yahoo.com', 'errors': ['Falha ao processar lote no Salesforce']}, {'success': False, 'id': None, 'name': 'Rejane Marques Da Silva', 'email': 'rejanemsadm@yahoo.com.br', 'errors': ['Falha ao processar lote no Salesforce']}, {'success': False, 'id': None, 'name': 'Renan Cancella Carrascoza', 'email': 'renancancella@yahoo.com', 'errors': ['Falha ao processar lote no Salesforce']}, {'success': False, 'id': None, 'name': 'Renato Augusto Faria De Araujo', 'email': 'renato.araujo.br@hotmail.com', 'errors': ['Falha ao processar lote no Salesforce']}, {'success': False, 'id': None, 'name': 'Reynaldo Di Lorenzo Serpa Filho', 'email': 'reynaldo_serpa@hotmail.com', 'errors': ['Falha ao processar lote no Salesforce']}, {'success': False, 'id': None, 'name': 'Robson Jacinto Teixeira', 'email': 'robsonjt@gmail.com', 'errors': ['Falha ao processar lote no Salesforce']}, {'success': False, 'id': None, 'name': 'Rodrigo Trigueiro Morais De Paiva', 'email': 'rodrigotrigueiro@hotmail.com', 'errors': ['Falha ao processar lote no Salesforce']}, {'success': False, 'id': None, 'name': 'Rogerio Fernandes Gurgel', 'email': 'rogeriofgurgel@gmail.com', 'errors': ['Falha ao processar lote no Salesforce']}, {'success': False, 'id': None, 'name': 'Roldao Procopio De Lucena', 'email': 'alucena1@uol.com.br', 'errors': ['Falha ao processar lote no Salesforce']}, {'success': False, 'id': None, 'name': 'Ronaldo Ribeiro Dantas', 'email': 'ronaldo@serviconnatal.com.br', 'errors': ['Falha ao processar lote no Salesforce']}, {'success': False, 'id': None, 'name': 'Sanderson Manuel De Paula Sousa', 'email': 'sandersondepaula1@gmail.com', 'errors': ['Falha ao processar lote no Salesforce']}, {'success': False, 'id': None, 'name': 'Sebastiao Paulino Da Costa', 'email': 'sebastiaopaulino@uol.com.br', 'errors': ['Falha ao processar lote no Salesforce']}, {'success': False, 'id': None, 'name': 'Selma Hissae Shimura Da Nobrega', 'email': 'shsnobrega@gmail.com', 'errors': ['Falha ao processar lote no Salesforce']}, {'success': False, 'id': None, 'name': 'Sergio Domingo Boggio Savani', 'email': 'sergio.boggio@hotmail.com', 'errors': ['Falha ao processar lote no Salesforce']}, {'success': False, 'id': None, 'name': 'Silmara Barbalho Simonetti', 'email': 'enricomacedo_nz@hotmail.com', 'errors': ['Falha ao processar lote no Salesforce']}, {'success': False, 'id': None, 'name': 'Thiago De Oliveira Costa', 'email': 'ogaihtcot@gmail.com', 'errors': ['Falha ao processar lote no Salesforce']}, {'success': False, 'id': None, 'name': 'Toni Macedo Da Silveira Rodrigues', 'email': 'toni_tec@hotmail.com', 'errors': ['Falha ao processar lote no Salesforce']}, {'success': False, 'id': None, 'name': 'Valderlandio Vasconcelos Da Silveira', 'email': 'valderlandio@yahoo.com.br', 'errors': ['Falha ao processar lote no Salesforce']}]
2025-05-15 20:46:31 [INFO] [conversion.file_converter] - [conversion_process=file_converter | timestamp=2025-05-15T20:46:31.553432 | caller=file_converter] Arquivo temporário 'C:\Users\joaol\Desktop\conversor_planilha\A converter\temp_594b192238724998a812c74e7794a45f.xlsx' removido.
